<?xml version="1.0" encoding="UTF-8"?>
<!-- Generated by org.testng.reporters.JUnitReportReporter -->
<testsuite skipped="0" hostname="LM0000794" name="com.rapido.test.RapidoAutomation.ValidateAmazonTest" tests="1" failures="0" timestamp="17 Jan 2020 07:43:42 GMT" time="8.276" errors="0">
  <testcase name="testAmazon" time="8.276" classname="com.rapido.test.RapidoAutomation.ValidateAmazonTest"/>
</testsuite> <!-- com.rapido.test.RapidoAutomation.ValidateAmazonTest -->
